# JRE version: OpenJDK Runtime Environment (8.0_202-b03) (build 1.8.0_202-release-1483-b03)
# Java VM: OpenJDK 64-Bit Server VM (25.202-b03 mixed mode windows-amd64 compressed oops)
Heap:
 PSYoungGen      total 269312K, used 192807K [0x00000000e0000000, 0x00000000f5100000, 0x0000000100000000)
  eden space 237056K, 67% used [0x00000000e0000000,0x00000000e9ccbad0,0x00000000ee780000)
  from space 32256K, 99% used [0x00000000ee780000,0x00000000f06fe188,0x00000000f0700000)
  to   space 35840K, 0% used [0x00000000f2e00000,0x00000000f2e00000,0x00000000f5100000)
 ParOldGen       total 202752K, used 44215K [0x00000000a0000000, 0x00000000ac600000, 0x00000000e0000000)
  object space 202752K, 21% used [0x00000000a0000000,0x00000000a2b2dd38,0x00000000ac600000)
 Metaspace       used 96385K, capacity 101084K, committed 103360K, reserved 1138688K
  class space    used 12298K, capacity 13143K, committed 13568K, reserved 1048576K
GC Heap History (10 events):
Event: 13908.845 GC heap before
{Heap before GC invocations=37 (full 4):
 PSYoungGen      total 219136K, used 205854K [0x00000000e0000000, 0x00000000ef580000, 0x0000000100000000)
  eden space 187904K, 100% used [0x00000000e0000000,0x00000000eb780000,0x00000000eb780000)
  from space 31232K, 57% used [0x00000000ed700000,0x00000000ee887988,0x00000000ef580000)
  to   space 31744K, 0% used [0x00000000eb780000,0x00000000eb780000,0x00000000ed680000)
 ParOldGen       total 202752K, used 43788K [0x00000000a0000000, 0x00000000ac600000, 0x00000000e0000000)
  object space 202752K, 21% used [0x00000000a0000000,0x00000000a2ac3250,0x00000000ac600000)
 Metaspace       used 95687K, capacity 100384K, committed 102592K, reserved 1138688K
  class space    used 12298K, capacity 13143K, committed 13568K, reserved 1048576K
Event: 13908.869 GC heap after
Heap after GC invocations=37 (full 4):
 PSYoungGen      total 219648K, used 21502K [0x00000000e0000000, 0x00000000f0980000, 0x0000000100000000)
  eden space 187904K, 0% used [0x00000000e0000000,0x00000000e0000000,0x00000000eb780000)
  from space 31744K, 67% used [0x00000000eb780000,0x00000000ecc7fab8,0x00000000ed680000)
  to   space 31744K, 0% used [0x00000000eea80000,0x00000000eea80000,0x00000000f0980000)
 ParOldGen       total 202752K, used 43788K [0x00000000a0000000, 0x00000000ac600000, 0x00000000e0000000)
  object space 202752K, 21% used [0x00000000a0000000,0x00000000a2ac3250,0x00000000ac600000)
 Metaspace       used 95687K, capacity 100384K, committed 102592K, reserved 1138688K
  class space    used 12298K, capacity 13143K, committed 13568K, reserved 1048576K
}
Event: 13909.401 GC heap before
{Heap before GC invocations=38 (full 4):
 PSYoungGen      total 219648K, used 209406K [0x00000000e0000000, 0x00000000f0980000, 0x0000000100000000)
  eden space 187904K, 100% used [0x00000000e0000000,0x00000000eb780000,0x00000000eb780000)
  from space 31744K, 67% used [0x00000000eb780000,0x00000000ecc7fab8,0x00000000ed680000)
  to   space 31744K, 0% used [0x00000000eea80000,0x00000000eea80000,0x00000000f0980000)
 ParOldGen       total 202752K, used 43788K [0x00000000a0000000, 0x00000000ac600000, 0x00000000e0000000)
  object space 202752K, 21% used [0x00000000a0000000,0x00000000a2ac3250,0x00000000ac600000)
 Metaspace       used 95932K, capacity 100596K, committed 102848K, reserved 1138688K
  class space    used 12298K, capacity 13143K, committed 13568K, reserved 1048576K
Event: 13909.429 GC heap after
Heap after GC invocations=38 (full 4):
 PSYoungGen      total 239616K, used 23456K [0x00000000e0000000, 0x00000000f0d00000, 0x0000000100000000)
  eden space 207872K, 0% used [0x00000000e0000000,0x00000000e0000000,0x00000000ecb00000)
  from space 31744K, 73% used [0x00000000eea80000,0x00000000f0168298,0x00000000f0980000)
  to   space 32256K, 0% used [0x00000000ecb00000,0x00000000ecb00000,0x00000000eea80000)
 ParOldGen       total 202752K, used 43788K [0x00000000a0000000, 0x00000000ac600000, 0x00000000e0000000)
  object space 202752K, 21% used [0x00000000a0000000,0x00000000a2ac3250,0x00000000ac600000)
 Metaspace       used 95932K, capacity 100596K, committed 102848K, reserved 1138688K
  class space    used 12298K, capacity 13143K, committed 13568K, reserved 1048576K
}
Event: 13909.896 GC heap before
{Heap before GC invocations=39 (full 4):
 PSYoungGen      total 239616K, used 231328K [0x00000000e0000000, 0x00000000f0d00000, 0x0000000100000000)
  eden space 207872K, 100% used [0x00000000e0000000,0x00000000ecb00000,0x00000000ecb00000)
  from space 31744K, 73% used [0x00000000eea80000,0x00000000f0168298,0x00000000f0980000)
  to   space 32256K, 0% used [0x00000000ecb00000,0x00000000ecb00000,0x00000000eea80000)
 ParOldGen       total 202752K, used 43788K [0x00000000a0000000, 0x00000000ac600000, 0x00000000e0000000)
  object space 202752K, 21% used [0x00000000a0000000,0x00000000a2ac3250,0x00000000ac600000)
 Metaspace       used 96207K, capacity 100884K, committed 103104K, reserved 1138688K
  class space    used 12298K, capacity 13143K, committed 13568K, reserved 1048576K
Event: 13909.927 GC heap after
Heap after GC invocations=39 (full 4):
 PSYoungGen      total 240128K, used 23688K [0x00000000e0000000, 0x00000000f2780000, 0x0000000100000000)
  eden space 207872K, 0% used [0x00000000e0000000,0x00000000e0000000,0x00000000ecb00000)
  from space 32256K, 73% used [0x00000000ecb00000,0x00000000ee222210,0x00000000eea80000)
  to   space 33280K, 0% used [0x00000000f0700000,0x00000000f0700000,0x00000000f2780000)
 ParOldGen       total 202752K, used 43788K [0x00000000a0000000, 0x00000000ac600000, 0x00000000e0000000)
  object space 202752K, 21% used [0x00000000a0000000,0x00000000a2ac3250,0x00000000ac600000)
 Metaspace       used 96207K, capacity 100884K, committed 103104K, reserved 1138688K
  class space    used 12298K, capacity 13143K, committed 13568K, reserved 1048576K
}
Event: 13910.516 GC heap before
{Heap before GC invocations=40 (full 4):
 PSYoungGen      total 240128K, used 231560K [0x00000000e0000000, 0x00000000f2780000, 0x0000000100000000)
  eden space 207872K, 100% used [0x00000000e0000000,0x00000000ecb00000,0x00000000ecb00000)
  from space 32256K, 73% used [0x00000000ecb00000,0x00000000ee222210,0x00000000eea80000)
  to   space 33280K, 0% used [0x00000000f0700000,0x00000000f0700000,0x00000000f2780000)
 ParOldGen       total 202752K, used 43788K [0x00000000a0000000, 0x00000000ac600000, 0x00000000e0000000)
  object space 202752K, 21% used [0x00000000a0000000,0x00000000a2ac3250,0x00000000ac600000)
 Metaspace       used 96306K, capacity 101016K, committed 103360K, reserved 1138688K
  class space    used 12298K, capacity 13143K, committed 13568K, reserved 1048576K
Event: 13910.548 GC heap after
Heap after GC invocations=40 (full 4):
 PSYoungGen      total 269312K, used 20327K [0x00000000e0000000, 0x00000000f2680000, 0x0000000100000000)
  eden space 237056K, 0% used [0x00000000e0000000,0x00000000e0000000,0x00000000ee780000)
  from space 32256K, 63% used [0x00000000f0700000,0x00000000f1ad9f50,0x00000000f2680000)
  to   space 32256K, 0% used [0x00000000ee780000,0x00000000ee780000,0x00000000f0700000)
 ParOldGen       total 202752K, used 43796K [0x00000000a0000000, 0x00000000ac600000, 0x00000000e0000000)
  object space 202752K, 21% used [0x00000000a0000000,0x00000000a2ac5250,0x00000000ac600000)
 Metaspace       used 96306K, capacity 101016K, committed 103360K, reserved 1138688K
  class space    used 12298K, capacity 13143K, committed 13568K, reserved 1048576K
}
Event: 13911.032 GC heap before
{Heap before GC invocations=41 (full 4):
 PSYoungGen      total 269312K, used 257383K [0x00000000e0000000, 0x00000000f2680000, 0x0000000100000000)
  eden space 237056K, 100% used [0x00000000e0000000,0x00000000ee780000,0x00000000ee780000)
  from space 32256K, 63% used [0x00000000f0700000,0x00000000f1ad9f50,0x00000000f2680000)
  to   space 32256K, 0% used [0x00000000ee780000,0x00000000ee780000,0x00000000f0700000)
 ParOldGen       total 202752K, used 43796K [0x00000000a0000000, 0x00000000ac600000, 0x00000000e0000000)
  object space 202752K, 21% used [0x00000000a0000000,0x00000000a2ac5250,0x00000000ac600000)
 Metaspace       used 96374K, capacity 101084K, committed 103360K, reserved 1138688K
  class space    used 12298K, capacity 13143K, committed 13568K, reserved 1048576K
Event: 13911.073 GC heap after
Heap after GC invocations=41 (full 4):
 PSYoungGen      total 269312K, used 32248K [0x00000000e0000000, 0x00000000f5100000, 0x0000000100000000)
  eden space 237056K, 0% used [0x00000000e0000000,0x00000000e0000000,0x00000000ee780000)
  from space 32256K, 99% used [0x00000000ee780000,0x00000000f06fe188,0x00000000f0700000)
  to   space 35840K, 0% used [0x00000000f2e00000,0x00000000f2e00000,0x00000000f5100000)
 ParOldGen       total 202752K, used 44215K [0x00000000a0000000, 0x00000000ac600000, 0x00000000e0000000)
  object space 202752K, 21% used [0x00000000a0000000,0x00000000a2b2dd38,0x00000000ac600000)
 Metaspace       used 96374K, capacity 101084K, committed 103360K, reserved 1138688K
  class space    used 12298K, capacity 13143K, committed 13568K, reserved 1048576K
}

